-------------------------------------------------------------------------------
Test set: karate.KarateTestScripts.TestRunner
-------------------------------------------------------------------------------
Tests run: 1, Failures: 0, Errors: 1, Skipped: 0, Time elapsed: 0.206 s <<< FAILURE! - in karate.KarateTestScripts.TestRunner
testQuotes  Time elapsed: 0.205 s  <<< ERROR!
java.lang.ExceptionInInitializerError
Caused by: java.lang.NullPointerException: Cannot invoke "javax.script.ScriptEngine.createBindings()" because "com.intuit.karate.ScriptBindings.NASHORN" is null

